<?xml version="1.0" encoding="UTF-8"?>
<testsuite xmlns:xsi="http://www.w3.org/2001/XMLSchema-instance" xsi:noNamespaceSchemaLocation="https://maven.apache.org/surefire/maven-failsafe-plugin/xsd/failsafe-test-report-3.0.xsd" version="3.0" name="com.shoppingList.restservice.items.ShoppingListSortIT" time="0.58" tests="5" errors="0" skipped="0" failures="0">
  <properties>
[...]
</properties>
  <testcase name="testShoppingListSortWithAsc" classname="com.shoppingList.restservice.items.ShoppingListSortIT" time="0.143"/>
  <testcase name="testShoppingListSortOrderNotSpecified" classname="com.shoppingList.restservice.items.ShoppingListSortIT" time="0.07"/>
  <testcase name="testShoppingListSortWithDesc" classname="com.shoppingList.restservice.items.ShoppingListSortIT" time="0.158"/>
  <testcase name="testEmptyShoppingListSort" classname="com.shoppingList.restservice.items.ShoppingListSortIT" time="0.073"/>
  <testcase name="testShoppingListSort" classname="com.shoppingList.restservice.items.ShoppingListSortIT" time="0.13"/>
</testsuite>